<?xml version="1.0" encoding="UTF-8"?>
<testsuite xmlns:xsi="http://www.w3.org/2001/XMLSchema-instance" xsi:noNamespaceSchemaLocation="https://maven.apache.org/surefire/maven-surefire-plugin/xsd/surefire-test-report.xsd" name="epf.AppTest" time="0.162" tests="1" errors="0" skipped="0" failures="0">
  <properties>
    <property name="gopherProxySet" value="false"/>
    <property name="awt.toolkit" value="sun.lwawt.macosx.LWCToolkit"/>
    <property name="java.specification.version" value="11"/>
    <property name="sun.cpu.isalist" value=""/>
    <property name="sun.jnu.encoding" value="UTF-8"/>
    <property name="java.class.path" value="/Users/stellazaborov/Desktop/EPF/S8/Langage_java/RentManager2/rentmanager/target/test-classes:/Users/stellazaborov/Desktop/EPF/S8/Langage_java/RentManager2/rentmanager/target/classes:/Users/stellazaborov/.m2/repository/junit/junit/4.11/junit-4.11.jar:/Users/stellazaborov/.m2/repository/org/hamcrest/hamcrest-core/1.3/hamcrest-core-1.3.jar:/Users/stellazaborov/.m2/repository/org/springframework/spring-context/6.0.6/spring-context-6.0.6.jar:/Users/stellazaborov/.m2/repository/org/springframework/spring-aop/6.0.6/spring-aop-6.0.6.jar:/Users/stellazaborov/.m2/repository/org/springframework/spring-beans/6.0.6/spring-beans-6.0.6.jar:/Users/stellazaborov/.m2/repository/org/springframework/spring-core/6.0.6/spring-core-6.0.6.jar:/Users/stellazaborov/.m2/repository/org/springframework/spring-jcl/6.0.6/spring-jcl-6.0.6.jar:/Users/stellazaborov/.m2/repository/org/springframework/spring-expression/6.0.6/spring-expression-6.0.6.jar:/Users/stellazaborov/.m2/repository/com/h2database/h2/1.4.200/h2-1.4.200.jar:/Users/stellazaborov/.m2/repository/javax/servlet/javax.servlet-api/4.0.1/javax.servlet-api-4.0.1.jar:/Users/stellazaborov/.m2/repository/javax/annotation/javax.annotation-api/1.3.2/javax.annotation-api-1.3.2.jar:/Users/stellazaborov/.m2/repository/javax/servlet/jstl/1.2/jstl-1.2.jar:"/>
    <property name="java.vm.vendor" value="Amazon.com Inc."/>
    <property name="sun.arch.data.model" value="64"/>
    <property name="java.vendor.url" value="https://aws.amazon.com/corretto/"/>
    <property name="user.timezone" value=""/>
    <property name="java.vm.specification.version" value="11"/>
    <property name="os.name" value="Mac OS X"/>
    <property name="sun.java.launcher" value="SUN_STANDARD"/>
    <property name="user.country" value="FR"/>
    <property name="sun.boot.library.path" value="/Users/stellazaborov/Library/Java/JavaVirtualMachines/corretto-11.0.18/Contents/Home/lib"/>
    <property name="sun.java.command" value="/Users/stellazaborov/Desktop/EPF/S8/Langage_java/RentManager2/rentmanager/target/surefire/surefirebooter16194817157072113583.jar /Users/stellazaborov/Desktop/EPF/S8/Langage_java/RentManager2/rentmanager/target/surefire 2023-03-10T11-40-28_720-jvmRun1 surefire6288578667399877503tmp surefire_02452093129545596880tmp"/>
    <property name="jdk.debug" value="release"/>
    <property name="surefire.test.class.path" value="/Users/stellazaborov/Desktop/EPF/S8/Langage_java/RentManager2/rentmanager/target/test-classes:/Users/stellazaborov/Desktop/EPF/S8/Langage_java/RentManager2/rentmanager/target/classes:/Users/stellazaborov/.m2/repository/junit/junit/4.11/junit-4.11.jar:/Users/stellazaborov/.m2/repository/org/hamcrest/hamcrest-core/1.3/hamcrest-core-1.3.jar:/Users/stellazaborov/.m2/repository/org/springframework/spring-context/6.0.6/spring-context-6.0.6.jar:/Users/stellazaborov/.m2/repository/org/springframework/spring-aop/6.0.6/spring-aop-6.0.6.jar:/Users/stellazaborov/.m2/repository/org/springframework/spring-beans/6.0.6/spring-beans-6.0.6.jar:/Users/stellazaborov/.m2/repository/org/springframework/spring-core/6.0.6/spring-core-6.0.6.jar:/Users/stellazaborov/.m2/repository/org/springframework/spring-jcl/6.0.6/spring-jcl-6.0.6.jar:/Users/stellazaborov/.m2/repository/org/springframework/spring-expression/6.0.6/spring-expression-6.0.6.jar:/Users/stellazaborov/.m2/repository/com/h2database/h2/1.4.200/h2-1.4.200.jar:/Users/stellazaborov/.m2/repository/javax/servlet/javax.servlet-api/4.0.1/javax.servlet-api-4.0.1.jar:/Users/stellazaborov/.m2/repository/javax/annotation/javax.annotation-api/1.3.2/javax.annotation-api-1.3.2.jar:/Users/stellazaborov/.m2/repository/javax/servlet/jstl/1.2/jstl-1.2.jar:"/>
    <property name="sun.cpu.endian" value="little"/>
    <property name="user.home" value="/Users/stellazaborov"/>
    <property name="user.language" value="fr"/>
    <property name="java.specification.vendor" value="Oracle Corporation"/>
    <property name="java.version.date" value="2023-01-17"/>
    <property name="java.home" value="/Users/stellazaborov/Library/Java/JavaVirtualMachines/corretto-11.0.18/Contents/Home"/>
    <property name="file.separator" value="/"/>
    <property name="basedir" value="/Users/stellazaborov/Desktop/EPF/S8/Langage_java/RentManager2/rentmanager"/>
    <property name="java.vm.compressedOopsMode" value="Zero based"/>
    <property name="line.separator" value="&#10;"/>
    <property name="java.specification.name" value="Java Platform API Specification"/>
    <property name="java.vm.specification.vendor" value="Oracle Corporation"/>
    <property name="java.awt.graphicsenv" value="sun.awt.CGraphicsEnvironment"/>
    <property name="surefire.real.class.path" value="/Users/stellazaborov/Desktop/EPF/S8/Langage_java/RentManager2/rentmanager/target/surefire/surefirebooter16194817157072113583.jar"/>
    <property name="sun.management.compiler" value="HotSpot 64-Bit Tiered Compilers"/>
    <property name="java.runtime.version" value="11.0.18+10-LTS"/>
    <property name="user.name" value="stellazaborov"/>
    <property name="path.separator" value=":"/>
    <property name="os.version" value="10.13.6"/>
    <property name="java.runtime.name" value="OpenJDK Runtime Environment"/>
    <property name="file.encoding" value="UTF-8"/>
    <property name="java.vm.name" value="OpenJDK 64-Bit Server VM"/>
    <property name="java.vendor.version" value="Corretto-11.0.18.10.1"/>
    <property name="localRepository" value="/Users/stellazaborov/.m2/repository"/>
    <property name="java.vendor.url.bug" value="https://github.com/corretto/corretto-11/issues/"/>
    <property name="java.io.tmpdir" value="/var/folders/_h/6127dwbn4z5fwd8s6bk4t6rh0000gn/T/"/>
    <property name="idea.version" value="2022.3.1"/>
    <property name="java.version" value="11.0.18"/>
    <property name="user.dir" value="/Users/stellazaborov/Desktop/EPF/S8/Langage_java/RentManager2/rentmanager"/>
    <property name="os.arch" value="x86_64"/>
    <property name="java.vm.specification.name" value="Java Virtual Machine Specification"/>
    <property name="java.awt.printerjob" value="sun.lwawt.macosx.CPrinterJob"/>
    <property name="sun.os.patch.level" value="unknown"/>
    <property name="java.library.path" value="/Users/stellazaborov/Library/Java/Extensions:/Library/Java/Extensions:/Network/Library/Java/Extensions:/System/Library/Java/Extensions:/usr/lib/java:."/>
    <property name="java.vm.info" value="mixed mode"/>
    <property name="java.vendor" value="Amazon.com Inc."/>
    <property name="java.vm.version" value="11.0.18+10-LTS"/>
    <property name="sun.io.unicode.encoding" value="UnicodeBig"/>
    <property name="java.class.version" value="55.0"/>
  </properties>
  <testcase name="shouldAnswerWithTrue" classname="epf.AppTest" time="0.009"/>
</testsuite>